Stack:

Symbol Table:
a --> 17
b --> 18
Output:
18
File Table:
able:

e:
Stack:
(v=2; print(v))  
Symbol Table:
Output:
File Table:

Stack:
v=2 print(v) 
Symbol Table:
Output:
File Table:

Stack:
print(v) 
Symbol Table:
v --> 2
Output:
File Table:

Stack:

Symbol Table:
v --> 2
Output:
2
File Table:

Stack:
(v=2; print(v))  
Symbol Table:
Output:
File Table:
--------------------
Stack:
v=2 print(v) 
Symbol Table:
Output:
File Table:
--------------------
Stack:
print(v) 
Symbol Table:
v --> 2
Output:
File Table:
--------------------
Stack:

Symbol Table:
v --> 2
Output:
2
File Table:
--------------------
Stack:
(openRFile(var_f,"/Users/adrianflorea/Codes/C#/ToyLanguage/input.in"); (readFile(var_f,var_c); (print(var_c); (IF(var_c) THEN ((readFile(var_f,var_c); print(var_c)) ) ELSE (print(0)); closeRFile(var_f)) ) ) )  
Symbol Table:
Output:
File Table:
--------------------
Stack:
openRFile(var_f,"/Users/adrianflorea/Codes/C#/ToyLanguage/input.in") (readFile(var_f,var_c); (print(var_c); (IF(var_c) THEN ((readFile(var_f,var_c); print(var_c)) ) ELSE (print(0)); closeRFile(var_f)) ) )  
Symbol Table:
Output:
File Table:
--------------------
Stack:
(readFile(var_f,var_c); (print(var_c); (IF(var_c) THEN ((readFile(var_f,var_c); print(var_c)) ) ELSE (print(0)); closeRFile(var_f)) ) )  
Symbol Table:
var_f --> 0
Output:
File Table:
0 --> < /Users/adrianflorea/Codes/C#/ToyLanguage/input.in, System.IO.StreamReader >
--------------------
Stack:
readFile(var_f,var_c) (print(var_c); (IF(var_c) THEN ((readFile(var_f,var_c); print(var_c)) ) ELSE (print(0)); closeRFile(var_f)) )  
Symbol Table:
var_f --> 0
Output:
File Table:
0 --> < /Users/adrianflorea/Codes/C#/ToyLanguage/input.in, System.IO.StreamReader >
--------------------
Stack:
(print(var_c); (IF(var_c) THEN ((readFile(var_f,var_c); print(var_c)) ) ELSE (print(0)); closeRFile(var_f)) )  
Symbol Table:
var_f --> 0
var_c --> 15
Output:
File Table:
0 --> < /Users/adrianflorea/Codes/C#/ToyLanguage/input.in, System.IO.StreamReader >
--------------------
Stack:
print(var_c) (IF(var_c) THEN ((readFile(var_f,var_c); print(var_c)) ) ELSE (print(0)); closeRFile(var_f))  
Symbol Table:
var_f --> 0
var_c --> 15
Output:
File Table:
0 --> < /Users/adrianflorea/Codes/C#/ToyLanguage/input.in, System.IO.StreamReader >
--------------------
Stack:
(IF(var_c) THEN ((readFile(var_f,var_c); print(var_c)) ) ELSE (print(0)); closeRFile(var_f))  
Symbol Table:
var_f --> 0
var_c --> 15
Output:
15
File Table:
0 --> < /Users/adrianflorea/Codes/C#/ToyLanguage/input.in, System.IO.StreamReader >
--------------------
Stack:
IF(var_c) THEN ((readFile(var_f,var_c); print(var_c)) ) ELSE (print(0)) closeRFile(var_f) 
Symbol Table:
var_f --> 0
var_c --> 15
Output:
15
File Table:
0 --> < /Users/adrianflorea/Codes/C#/ToyLanguage/input.in, System.IO.StreamReader >
--------------------
Stack:
(readFile(var_f,var_c); print(var_c))  closeRFile(var_f) 
Symbol Table:
var_f --> 0
var_c --> 15
Output:
15
File Table:
0 --> < /Users/adrianflorea/Codes/C#/ToyLanguage/input.in, System.IO.StreamReader >
--------------------
Stack:
readFile(var_f,var_c) print(var_c) closeRFile(var_f) 
Symbol Table:
var_f --> 0
var_c --> 15
Output:
15
File Table:
0 --> < /Users/adrianflorea/Codes/C#/ToyLanguage/input.in, System.IO.StreamReader >
--------------------
Stack:
print(var_c) closeRFile(var_f) 
Symbol Table:
var_f --> 0
var_c --> 50
Output:
15
File Table:
0 --> < /Users/adrianflorea/Codes/C#/ToyLanguage/input.in, System.IO.StreamReader >
--------------------
Stack:
closeRFile(var_f) 
Symbol Table:
var_f --> 0
var_c --> 50
Output:
15
50
File Table:
0 --> < /Users/adrianflorea/Codes/C#/ToyLanguage/input.in, System.IO.StreamReader >
--------------------
Stack:

Symbol Table:
var_f --> 0
var_c --> 50
Output:
15
50
File Table:
--------------------
Stack:
(v=2; print(v))  
Symbol Table:
Output:
File Table:
--------------------
Stack:
v=2 print(v) 
Symbol Table:
Output:
File Table:
--------------------
Stack:
print(v) 
Symbol Table:
v --> 2
Output:
File Table:
--------------------
Stack:

Symbol Table:
v --> 2
Output:
2
File Table:
--------------------
Stack:

Symbol Table:
v --> 2
Output:
2
File Table:
--------------------
Stack:
(a=2+3*5; (b=a+1; print(b)) )  
Symbol Table:
Output:
File Table:
--------------------
Stack:
a=2+3*5 (b=a+1; print(b))  
Symbol Table:
Output:
File Table:
--------------------
Stack:
(b=a+1; print(b))  
Symbol Table:
a --> 17
Output:
File Table:
--------------------
Stack:
b=a+1 print(b) 
Symbol Table:
a --> 17
Output:
File Table:
--------------------
Stack:
print(b) 
Symbol Table:
a --> 17
b --> 18
Output:
File Table:
--------------------
Stack:

Symbol Table:
a --> 17
b --> 18
Output:
18
File Table:
--------------------
Stack:

Symbol Table:
v --> 2
Output:
2
File Table:
--------------------
Stack:
(openRFile(var_f,"/Users/adrianflorea/Codes/C#/ToyLanguage/input.in"); (readFile(var_f+2,var_c); (print(var_c); (IF(var_c) THEN ((readFile(var_f,var_c); print(var_c)) ) ELSE (print(0)); closeRFile(var_f)) ) ) )  
Symbol Table:
Output:
File Table:
--------------------
Stack:
openRFile(var_f,"/Users/adrianflorea/Codes/C#/ToyLanguage/input.in") (readFile(var_f+2,var_c); (print(var_c); (IF(var_c) THEN ((readFile(var_f,var_c); print(var_c)) ) ELSE (print(0)); closeRFile(var_f)) ) )  
Symbol Table:
Output:
File Table:
--------------------
Stack:
(readFile(var_f+2,var_c); (print(var_c); (IF(var_c) THEN ((readFile(var_f,var_c); print(var_c)) ) ELSE (print(0)); closeRFile(var_f)) ) )  
Symbol Table:
var_f --> 0
Output:
File Table:
0 --> < /Users/adrianflorea/Codes/C#/ToyLanguage/input.in, System.IO.StreamReader >
--------------------
Stack:
readFile(var_f+2,var_c) (print(var_c); (IF(var_c) THEN ((readFile(var_f,var_c); print(var_c)) ) ELSE (print(0)); closeRFile(var_f)) )  
Symbol Table:
var_f --> 0
Output:
File Table:
0 --> < /Users/adrianflorea/Codes/C#/ToyLanguage/input.in, System.IO.StreamReader >
--------------------
Stack:
(print(var_c); (IF(var_c) THEN ((readFile(var_f,var_c); print(var_c)) ) ELSE (print(0)); closeRFile(var_f)) )  
Symbol Table:
var_f --> 0
Output:
File Table:
0 --> < /Users/adrianflorea/Codes/C#/ToyLanguage/input.in, System.IO.StreamReader >
--------------------
Stack:
print(var_c) (IF(var_c) THEN ((readFile(var_f,var_c); print(var_c)) ) ELSE (print(0)); closeRFile(var_f))  
Symbol Table:
var_f --> 0
Output:
File Table:
0 --> < /Users/adrianflorea/Codes/C#/ToyLanguage/input.in, System.IO.StreamReader >
--------------------
Stack:
(IF(var_c) THEN ((readFile(var_f,var_c); print(var_c)) ) ELSE (print(0)); closeRFile(var_f))  
Symbol Table:
var_f --> 0
Output:
File Table:
0 --> < /Users/adrianflorea/Codes/C#/ToyLanguage/input.in, System.IO.StreamReader >
--------------------
Stack:
IF(var_c) THEN ((readFile(var_f,var_c); print(var_c)) ) ELSE (print(0)) closeRFile(var_f) 
Symbol Table:
var_f --> 0
Output:
File Table:
0 --> < /Users/adrianflorea/Codes/C#/ToyLanguage/input.in, System.IO.StreamReader >
--------------------
Stack:
closeRFile(var_f) 
Symbol Table:
var_f --> 0
Output:
File Table:
0 --> < /Users/adrianflorea/Codes/C#/ToyLanguage/input.in, System.IO.StreamReader >
--------------------
Stack:

Symbol Table:
var_f --> 0
Output:
File Table:
--------------------
Stack:
(openRFile(var_f,"/Users/adrianflorea/Codes/C#/ToyLanguage/input.in"); (readFile(var_f+2,var_c); (print(var_c); (IF(var_c) THEN ((readFile(var_f,var_c); print(var_c)) ) ELSE (print(0)); closeRFile(var_f)) ) ) )  
Symbol Table:
Output:
File Table:
--------------------
Stack:
openRFile(var_f,"/Users/adrianflorea/Codes/C#/ToyLanguage/input.in") (readFile(var_f+2,var_c); (print(var_c); (IF(var_c) THEN ((readFile(var_f,var_c); print(var_c)) ) ELSE (print(0)); closeRFile(var_f)) ) )  
Symbol Table:
Output:
File Table:
--------------------
Stack:
(readFile(var_f+2,var_c); (print(var_c); (IF(var_c) THEN ((readFile(var_f,var_c); print(var_c)) ) ELSE (print(0)); closeRFile(var_f)) ) )  
Symbol Table:
var_f --> 0
Output:
File Table:
0 --> < /Users/adrianflorea/Codes/C#/ToyLanguage/input.in, System.IO.StreamReader >
--------------------
Stack:
readFile(var_f+2,var_c) (print(var_c); (IF(var_c) THEN ((readFile(var_f,var_c); print(var_c)) ) ELSE (print(0)); closeRFile(var_f)) )  
Symbol Table:
var_f --> 0
Output:
File Table:
0 --> < /Users/adrianflorea/Codes/C#/ToyLanguage/input.in, System.IO.StreamReader >
--------------------
Stack:
(print(var_c); (IF(var_c) THEN ((readFile(var_f,var_c); print(var_c)) ) ELSE (print(0)); closeRFile(var_f)) )  
Symbol Table:
var_f --> 0
Output:
File Table:
0 --> < /Users/adrianflorea/Codes/C#/ToyLanguage/input.in, System.IO.StreamReader >
--------------------
Stack:
print(var_c) (IF(var_c) THEN ((readFile(var_f,var_c); print(var_c)) ) ELSE (print(0)); closeRFile(var_f))  
Symbol Table:
var_f --> 0
Output:
File Table:
0 --> < /Users/adrianflorea/Codes/C#/ToyLanguage/input.in, System.IO.StreamReader >
--------------------
Stack:
(IF(var_c) THEN ((readFile(var_f,var_c); print(var_c)) ) ELSE (print(0)); closeRFile(var_f))  
Symbol Table:
var_f --> 0
Output:
File Table:
0 --> < /Users/adrianflorea/Codes/C#/ToyLanguage/input.in, System.IO.StreamReader >
--------------------
Stack:
IF(var_c) THEN ((readFile(var_f,var_c); print(var_c)) ) ELSE (print(0)) closeRFile(var_f) 
Symbol Table:
var_f --> 0
Output:
File Table:
0 --> < /Users/adrianflorea/Codes/C#/ToyLanguage/input.in, System.IO.StreamReader >
--------------------
Stack:
closeRFile(var_f) 
Symbol Table:
var_f --> 0
Output:
File Table:
0 --> < /Users/adrianflorea/Codes/C#/ToyLanguage/input.in, System.IO.StreamReader >
--------------------
Stack:

Symbol Table:
var_f --> 0
Output:
File Table:
--------------------
Stack:
(openRFile(var_f,"/Users/adrianflorea/Codes/C#/ToyLanguage/input.in"); (readFile(var_f,var_c); (print(var_c); (IF(var_c) THEN ((readFile(var_f,var_c); print(var_c)) ) ELSE (print(0)); closeRFile(var_f)) ) ) )  
Symbol Table:
Output:
File Table:
--------------------
Stack:
openRFile(var_f,"/Users/adrianflorea/Codes/C#/ToyLanguage/input.in") (readFile(var_f,var_c); (print(var_c); (IF(var_c) THEN ((readFile(var_f,var_c); print(var_c)) ) ELSE (print(0)); closeRFile(var_f)) ) )  
Symbol Table:
Output:
File Table:
--------------------
Stack:
(readFile(var_f,var_c); (print(var_c); (IF(var_c) THEN ((readFile(var_f,var_c); print(var_c)) ) ELSE (print(0)); closeRFile(var_f)) ) )  
Symbol Table:
var_f --> 0
Output:
File Table:
0 --> < /Users/adrianflorea/Codes/C#/ToyLanguage/input.in, System.IO.StreamReader >
--------------------
Stack:
readFile(var_f,var_c) (print(var_c); (IF(var_c) THEN ((readFile(var_f,var_c); print(var_c)) ) ELSE (print(0)); closeRFile(var_f)) )  
Symbol Table:
var_f --> 0
Output:
File Table:
0 --> < /Users/adrianflorea/Codes/C#/ToyLanguage/input.in, System.IO.StreamReader >
--------------------
Stack:
(print(var_c); (IF(var_c) THEN ((readFile(var_f,var_c); print(var_c)) ) ELSE (print(0)); closeRFile(var_f)) )  
Symbol Table:
var_f --> 0
var_c --> 15
Output:
File Table:
0 --> < /Users/adrianflorea/Codes/C#/ToyLanguage/input.in, System.IO.StreamReader >
--------------------
Stack:
print(var_c) (IF(var_c) THEN ((readFile(var_f,var_c); print(var_c)) ) ELSE (print(0)); closeRFile(var_f))  
Symbol Table:
var_f --> 0
var_c --> 15
Output:
File Table:
0 --> < /Users/adrianflorea/Codes/C#/ToyLanguage/input.in, System.IO.StreamReader >
--------------------
Stack:
(IF(var_c) THEN ((readFile(var_f,var_c); print(var_c)) ) ELSE (print(0)); closeRFile(var_f))  
Symbol Table:
var_f --> 0
var_c --> 15
Output:
15
File Table:
0 --> < /Users/adrianflorea/Codes/C#/ToyLanguage/input.in, System.IO.StreamReader >
--------------------
Stack:
IF(var_c) THEN ((readFile(var_f,var_c); print(var_c)) ) ELSE (print(0)) closeRFile(var_f) 
Symbol Table:
var_f --> 0
var_c --> 15
Output:
15
File Table:
0 --> < /Users/adrianflorea/Codes/C#/ToyLanguage/input.in, System.IO.StreamReader >
--------------------
Stack:
(readFile(var_f,var_c); print(var_c))  closeRFile(var_f) 
Symbol Table:
var_f --> 0
var_c --> 15
Output:
15
File Table:
0 --> < /Users/adrianflorea/Codes/C#/ToyLanguage/input.in, System.IO.StreamReader >
--------------------
Stack:
readFile(var_f,var_c) print(var_c) closeRFile(var_f) 
Symbol Table:
var_f --> 0
var_c --> 15
Output:
15
File Table:
0 --> < /Users/adrianflorea/Codes/C#/ToyLanguage/input.in, System.IO.StreamReader >
--------------------
Stack:
print(var_c) closeRFile(var_f) 
Symbol Table:
var_f --> 0
var_c --> 50
Output:
15
File Table:
0 --> < /Users/adrianflorea/Codes/C#/ToyLanguage/input.in, System.IO.StreamReader >
--------------------
Stack:
closeRFile(var_f) 
Symbol Table:
var_f --> 0
var_c --> 50
Output:
15
50
File Table:
0 --> < /Users/adrianflorea/Codes/C#/ToyLanguage/input.in, System.IO.StreamReader >
--------------------
Stack:

Symbol Table:
var_f --> 0
var_c --> 50
Output:
15
50
File Table:
--------------------
Stack:
(v=2; print(v))  
Symbol Table:
Output:
File Table:
--------------------
Stack:
v=2 print(v) 
Symbol Table:
Output:
File Table:
--------------------
Stack:
print(v) 
Symbol Table:
v --> 2
Output:
File Table:
--------------------
Stack:

Symbol Table:
v --> 2
Output:
2
File Table:
--------------------
Stack:
(a=2+3*5; (b=a+1; print(b)) )  
Symbol Table:
Output:
File Table:
--------------------
Stack:
a=2+3*5 (b=a+1; print(b))  
Symbol Table:
Output:
File Table:
--------------------
Stack:
(b=a+1; print(b))  
Symbol Table:
a --> 17
Output:
File Table:
--------------------
Stack:
b=a+1 print(b) 
Symbol Table:
a --> 17
Output:
File Table:
--------------------
Stack:
print(b) 
Symbol Table:
a --> 17
b --> 18
Output:
File Table:
--------------------
Stack:

Symbol Table:
a --> 17
b --> 18
Output:
18
File Table:
--------------------
Stack:
(openRFile(var_f,"/Users/adrianflorea/Codes/MAP/A7/input.in"); (readFile(var_f,var_c); (print(var_c); (IF(var_c) THEN ((readFile(var_f,var_c); print(var_c)) ) ELSE (print(0)); closeRFile(var_f)) ) ) )  
Symbol Table:
Output:
File Table:
--------------------
Stack:
openRFile(var_f,"/Users/adrianflorea/Codes/MAP/A7/input.in") (readFile(var_f,var_c); (print(var_c); (IF(var_c) THEN ((readFile(var_f,var_c); print(var_c)) ) ELSE (print(0)); closeRFile(var_f)) ) )  
Symbol Table:
Output:
File Table:
--------------------
Stack:
(readFile(var_f,var_c); (print(var_c); (IF(var_c) THEN ((readFile(var_f,var_c); print(var_c)) ) ELSE (print(0)); closeRFile(var_f)) ) )  
Symbol Table:
var_f --> 0
Output:
File Table:
0 --> < /Users/adrianflorea/Codes/MAP/A7/input.in, System.IO.StreamReader >
--------------------
Stack:
readFile(var_f,var_c) (print(var_c); (IF(var_c) THEN ((readFile(var_f,var_c); print(var_c)) ) ELSE (print(0)); closeRFile(var_f)) )  
Symbol Table:
var_f --> 0
Output:
File Table:
0 --> < /Users/adrianflorea/Codes/MAP/A7/input.in, System.IO.StreamReader >
--------------------
Stack:
(print(var_c); (IF(var_c) THEN ((readFile(var_f,var_c); print(var_c)) ) ELSE (print(0)); closeRFile(var_f)) )  
Symbol Table:
var_f --> 0
var_c --> 15
Output:
File Table:
0 --> < /Users/adrianflorea/Codes/MAP/A7/input.in, System.IO.StreamReader >
--------------------
Stack:
print(var_c) (IF(var_c) THEN ((readFile(var_f,var_c); print(var_c)) ) ELSE (print(0)); closeRFile(var_f))  
Symbol Table:
var_f --> 0
var_c --> 15
Output:
File Table:
0 --> < /Users/adrianflorea/Codes/MAP/A7/input.in, System.IO.StreamReader >
--------------------
Stack:
(IF(var_c) THEN ((readFile(var_f,var_c); print(var_c)) ) ELSE (print(0)); closeRFile(var_f))  
Symbol Table:
var_f --> 0
var_c --> 15
Output:
15
File Table:
0 --> < /Users/adrianflorea/Codes/MAP/A7/input.in, System.IO.StreamReader >
--------------------
Stack:
IF(var_c) THEN ((readFile(var_f,var_c); print(var_c)) ) ELSE (print(0)) closeRFile(var_f) 
Symbol Table:
var_f --> 0
var_c --> 15
Output:
15
File Table:
0 --> < /Users/adrianflorea/Codes/MAP/A7/input.in, System.IO.StreamReader >
--------------------
Stack:
(readFile(var_f,var_c); print(var_c))  closeRFile(var_f) 
Symbol Table:
var_f --> 0
var_c --> 15
Output:
15
File Table:
0 --> < /Users/adrianflorea/Codes/MAP/A7/input.in, System.IO.StreamReader >
--------------------
Stack:
readFile(var_f,var_c) print(var_c) closeRFile(var_f) 
Symbol Table:
var_f --> 0
var_c --> 15
Output:
15
File Table:
0 --> < /Users/adrianflorea/Codes/MAP/A7/input.in, System.IO.StreamReader >
--------------------
Stack:
print(var_c) closeRFile(var_f) 
Symbol Table:
var_f --> 0
var_c --> 50
Output:
15
File Table:
0 --> < /Users/adrianflorea/Codes/MAP/A7/input.in, System.IO.StreamReader >
--------------------
Stack:
closeRFile(var_f) 
Symbol Table:
var_f --> 0
var_c --> 50
Output:
15
50
File Table:
0 --> < /Users/adrianflorea/Codes/MAP/A7/input.in, System.IO.StreamReader >
--------------------
Stack:

Symbol Table:
var_f --> 0
var_c --> 50
Output:
15
50
File Table:
--------------------
Stack:
(openRFile(var_f,"/Users/adrianflorea/Codes/MAP/A7/input.in"); (readFile(var_f+2,var_c); (print(var_c); (IF(var_c) THEN ((readFile(var_f,var_c); print(var_c)) ) ELSE (print(0)); closeRFile(var_f)) ) ) )  
Symbol Table:
Output:
File Table:
--------------------
Stack:
openRFile(var_f,"/Users/adrianflorea/Codes/MAP/A7/input.in") (readFile(var_f+2,var_c); (print(var_c); (IF(var_c) THEN ((readFile(var_f,var_c); print(var_c)) ) ELSE (print(0)); closeRFile(var_f)) ) )  
Symbol Table:
Output:
File Table:
--------------------
Stack:
(readFile(var_f+2,var_c); (print(var_c); (IF(var_c) THEN ((readFile(var_f,var_c); print(var_c)) ) ELSE (print(0)); closeRFile(var_f)) ) )  
Symbol Table:
var_f --> 0
Output:
File Table:
0 --> < /Users/adrianflorea/Codes/MAP/A7/input.in, System.IO.StreamReader >
--------------------
Stack:
readFile(var_f+2,var_c) (print(var_c); (IF(var_c) THEN ((readFile(var_f,var_c); print(var_c)) ) ELSE (print(0)); closeRFile(var_f)) )  
Symbol Table:
var_f --> 0
Output:
File Table:
0 --> < /Users/adrianflorea/Codes/MAP/A7/input.in, System.IO.StreamReader >
--------------------
Stack:
(print(var_c); (IF(var_c) THEN ((readFile(var_f,var_c); print(var_c)) ) ELSE (print(0)); closeRFile(var_f)) )  
Symbol Table:
var_f --> 0
Output:
File Table:
0 --> < /Users/adrianflorea/Codes/MAP/A7/input.in, System.IO.StreamReader >
--------------------
Stack:
print(var_c) (IF(var_c) THEN ((readFile(var_f,var_c); print(var_c)) ) ELSE (print(0)); closeRFile(var_f))  
Symbol Table:
var_f --> 0
Output:
File Table:
0 --> < /Users/adrianflorea/Codes/MAP/A7/input.in, System.IO.StreamReader >
--------------------
Stack:
(IF(var_c) THEN ((readFile(var_f,var_c); print(var_c)) ) ELSE (print(0)); closeRFile(var_f))  
Symbol Table:
var_f --> 0
Output:
File Table:
0 --> < /Users/adrianflorea/Codes/MAP/A7/input.in, System.IO.StreamReader >
--------------------
Stack:
IF(var_c) THEN ((readFile(var_f,var_c); print(var_c)) ) ELSE (print(0)) closeRFile(var_f) 
Symbol Table:
var_f --> 0
Output:
File Table:
0 --> < /Users/adrianflorea/Codes/MAP/A7/input.in, System.IO.StreamReader >
--------------------
Stack:
closeRFile(var_f) 
Symbol Table:
var_f --> 0
Output:
File Table:
0 --> < /Users/adrianflorea/Codes/MAP/A7/input.in, System.IO.StreamReader >
--------------------
Stack:

Symbol Table:
var_f --> 0
Output:
File Table:
--------------------
Stack:
(openRFile(var_f,"/Users/adrianflorea/Codes/MAP/A7/input.in"); (readFile(var_f+2,var_c); (print(var_c); (IF(var_c) THEN ((readFile(var_f,var_c); print(var_c)) ) ELSE (print(0)); closeRFile(var_f)) ) ) )  
Symbol Table:
Output:
File Table:
--------------------
Stack:
openRFile(var_f,"/Users/adrianflorea/Codes/MAP/A7/input.in") (readFile(var_f+2,var_c); (print(var_c); (IF(var_c) THEN ((readFile(var_f,var_c); print(var_c)) ) ELSE (print(0)); closeRFile(var_f)) ) )  
Symbol Table:
Output:
File Table:
--------------------
Stack:
(readFile(var_f+2,var_c); (print(var_c); (IF(var_c) THEN ((readFile(var_f,var_c); print(var_c)) ) ELSE (print(0)); closeRFile(var_f)) ) )  
Symbol Table:
var_f --> 0
Output:
File Table:
0 --> < /Users/adrianflorea/Codes/MAP/A7/input.in, System.IO.StreamReader >
--------------------
Stack:
readFile(var_f+2,var_c) (print(var_c); (IF(var_c) THEN ((readFile(var_f,var_c); print(var_c)) ) ELSE (print(0)); closeRFile(var_f)) )  
Symbol Table:
var_f --> 0
Output:
File Table:
0 --> < /Users/adrianflorea/Codes/MAP/A7/input.in, System.IO.StreamReader >
--------------------
Stack:
(print(var_c); (IF(var_c) THEN ((readFile(var_f,var_c); print(var_c)) ) ELSE (print(0)); closeRFile(var_f)) )  
Symbol Table:
var_f --> 0
Output:
File Table:
0 --> < /Users/adrianflorea/Codes/MAP/A7/input.in, System.IO.StreamReader >
--------------------
Stack:
print(var_c) (IF(var_c) THEN ((readFile(var_f,var_c); print(var_c)) ) ELSE (print(0)); closeRFile(var_f))  
Symbol Table:
var_f --> 0
Output:
File Table:
0 --> < /Users/adrianflorea/Codes/MAP/A7/input.in, System.IO.StreamReader >
--------------------
Stack:
(IF(var_c) THEN ((readFile(var_f,var_c); print(var_c)) ) ELSE (print(0)); closeRFile(var_f))  
Symbol Table:
var_f --> 0
Output:
File Table:
0 --> < /Users/adrianflorea/Codes/MAP/A7/input.in, System.IO.StreamReader >
--------------------
Stack:
IF(var_c) THEN ((readFile(var_f,var_c); print(var_c)) ) ELSE (print(0)) closeRFile(var_f) 
Symbol Table:
var_f --> 0
Output:
File Table:
0 --> < /Users/adrianflorea/Codes/MAP/A7/input.in, System.IO.StreamReader >
--------------------
Stack:
closeRFile(var_f) 
Symbol Table:
var_f --> 0
Output:
File Table:
0 --> < /Users/adrianflorea/Codes/MAP/A7/input.in, System.IO.StreamReader >
--------------------
Stack:

Symbol Table:
var_f --> 0
Output:
File Table:
--------------------
